<?xml version="1.0" encoding="UTF-8"?>
<testng-results ignored="0" total="1" passed="1" failed="0" skipped="0">
  <reporter-output>
  </reporter-output>
  <suite started-at="2021-06-08T17:11:17Z" name="Default suite" finished-at="2021-06-08T17:11:55Z" duration-ms="38055">
    <groups>
    </groups>
    <test started-at="2021-06-08T17:11:17Z" name="Default test" finished-at="2021-06-08T17:11:55Z" duration-ms="38055">
      <class name="com.experitest.auto.AndroidDemoTest">
        <test-method is-config="true" signature="setUp(java.lang.String)[pri:0, instance:com.experitest.auto.AndroidDemoTest@20140db9]" started-at="2021-06-08T22:41:17Z" name="setUp" finished-at="2021-06-08T22:41:37Z" duration-ms="19829" status="PASS">
          <params>
            <param index="0">
              <value>
                <![CDATA[@os='android']]>
              </value>
            </param>
          </params>
          <reporter-output>
          </reporter-output>
        </test-method> <!-- setUp -->
        <test-method signature="test()[pri:0, instance:com.experitest.auto.AndroidDemoTest@20140db9]" started-at="2021-06-08T22:41:37Z" name="test" finished-at="2021-06-08T22:41:37Z" duration-ms="7" status="PASS">
          <reporter-output>
          </reporter-output>
        </test-method> <!-- test -->
        <test-method is-config="true" signature="tearDown()[pri:0, instance:com.experitest.auto.AndroidDemoTest@20140db9]" started-at="2021-06-08T22:41:37Z" name="tearDown" finished-at="2021-06-08T22:41:55Z" duration-ms="18181" status="PASS">
          <reporter-output>
          </reporter-output>
        </test-method> <!-- tearDown -->
      </class> <!-- com.experitest.auto.AndroidDemoTest -->
    </test> <!-- Default test -->
  </suite> <!-- Default suite -->
</testng-results>
