<?xml version="1.0" encoding="UTF-8"?>
<testng-results ignored="0" total="1" passed="1" failed="0" skipped="0">
  <reporter-output>
  </reporter-output>
  <suite started-at="2021-06-08T21:09:25Z" name="Default suite" finished-at="2021-06-08T21:10:35Z" duration-ms="70076">
    <groups>
    </groups>
    <test started-at="2021-06-08T21:09:25Z" name="Default test" finished-at="2021-06-08T21:10:35Z" duration-ms="70076">
      <class name="com.experitest.auto.AndroidDemoTest">
        <test-method is-config="true" signature="setUp(java.lang.String)[pri:0, instance:com.experitest.auto.AndroidDemoTest@1e6a3214]" started-at="2021-06-09T02:39:25Z" name="setUp" finished-at="2021-06-09T02:40:12Z" duration-ms="46317" status="PASS">
          <params>
            <param index="0">
              <value>
                <![CDATA[@os='android']]>
              </value>
            </param>
          </params>
          <reporter-output>
          </reporter-output>
        </test-method> <!-- setUp -->
        <test-method signature="signin()[pri:0, instance:com.experitest.auto.AndroidDemoTest@1e6a3214]" started-at="2021-06-09T02:40:12Z" name="signin" finished-at="2021-06-09T02:40:34Z" duration-ms="22475" status="PASS">
          <reporter-output>
          </reporter-output>
        </test-method> <!-- signin -->
        <test-method is-config="true" signature="tearDown()[pri:0, instance:com.experitest.auto.AndroidDemoTest@1e6a3214]" started-at="2021-06-09T02:40:34Z" name="tearDown" finished-at="2021-06-09T02:40:34Z" duration-ms="0" status="FAIL">
          <exception class="com.experitest.client.InternalException">
            <message>
              <![CDATA[Exception caught while executing click: Failed to click 'xpath=//*[@id='home']'. Cannot click. The element is found but not visible on Screen. deviceScreenDimension = java.awt.Rectangle[x=0,y=0,width=1080,height=2154]]]>
            </message>
            <full-stacktrace>
              <![CDATA[com.experitest.client.InternalException: Exception caught while executing click: Failed to click 'xpath=//*[@id='home']'. Cannot click. The element is found but not visible on Screen. deviceScreenDimension = java.awt.Rectangle[x=0,y=0,width=1080,height=2154]
	at com.experitest.client.JavaClientInternals.executeInternally(JavaClientInternals.java:288)
	at com.experitest.client.Client.execute(Client.java:251)
	at com.experitest.client.ExecutionClient.execute(ExecutionClient.java:223)
	at com.experitest.client.Client.click(Client.java:541)
	at com.experitest.auto.AndroidDemoTest.tearDown(AndroidDemoTest.java:48)
	at java.base/jdk.internal.reflect.NativeMethodAccessorImpl.invoke0(Native Method)
	at java.base/jdk.internal.reflect.NativeMethodAccessorImpl.invoke(NativeMethodAccessorImpl.java:64)
	at java.base/jdk.internal.reflect.DelegatingMethodAccessorImpl.invoke(DelegatingMethodAccessorImpl.java:43)
	at java.base/java.lang.reflect.Method.invoke(Method.java:564)
	at org.testng.internal.MethodInvocationHelper.invokeMethod(MethodInvocationHelper.java:104)
	at org.testng.internal.Invoker.invokeConfigurationMethod(Invoker.java:515)
	at org.testng.internal.Invoker.invokeConfigurations(Invoker.java:217)
	at org.testng.internal.Invoker.invokeConfigurations(Invoker.java:144)
	at org.testng.TestRunner.afterRun(TestRunner.java:983)
	at org.testng.TestRunner.run(TestRunner.java:614)
	at org.testng.SuiteRunner.runTest(SuiteRunner.java:387)
	at org.testng.SuiteRunner.runSequentially(SuiteRunner.java:382)
	at org.testng.SuiteRunner.privateRun(SuiteRunner.java:340)
	at org.testng.SuiteRunner.run(SuiteRunner.java:289)
	at org.testng.SuiteRunnerWorker.runSuite(SuiteRunnerWorker.java:52)
	at org.testng.SuiteRunnerWorker.run(SuiteRunnerWorker.java:86)
	at org.testng.TestNG.runSuitesSequentially(TestNG.java:1293)
	at org.testng.TestNG.runSuitesLocally(TestNG.java:1218)
	at org.testng.TestNG.runSuites(TestNG.java:1133)
	at org.testng.TestNG.run(TestNG.java:1104)
	at org.testng.remote.AbstractRemoteTestNG.run(AbstractRemoteTestNG.java:115)
	at org.testng.remote.RemoteTestNG.initAndRun(RemoteTestNG.java:251)
	at org.testng.remote.RemoteTestNG.main(RemoteTestNG.java:77)
]]>
            </full-stacktrace>
          </exception> <!-- com.experitest.client.InternalException -->
          <reporter-output>
          </reporter-output>
        </test-method> <!-- tearDown -->
      </class> <!-- com.experitest.auto.AndroidDemoTest -->
    </test> <!-- Default test -->
  </suite> <!-- Default suite -->
</testng-results>
